Last login: Thu Jul  2 13:16:30 on ttys000
rovelazq@ROVELAZQ-M-PPV9 ~ % ssh cachadmin@192.168.68.101
cachadmin@192.168.68.101's password: 
Welcome to Ubuntu 24.04.4 LTS (GNU/Linux 6.8.0-134-generic x86_64)

 * Documentation:  https://help.ubuntu.com
 * Management:     https://landscape.canonical.com
 * Support:        https://ubuntu.com/pro

 System information as of Thu Jul  2 07:51:52 PM UTC 2026

  System load:  0.0                Processes:              108
  Usage of /:   39.4% of 13.67GB   Users logged in:        1
  Memory usage: 5%                 IPv4 address for ens18: 192.168.68.101
  Swap usage:   0%


Expanded Security Maintenance for Applications is not enabled.

30 updates can be applied immediately.
1 of these updates is a standard security update.
To see these additional updates run: apt list --upgradable

Enable ESM Apps to receive additional future security updates.
See https://ubuntu.com/esm or run: sudo pro status


Last login: Thu Jul  2 19:17:08 2026 from 192.168.68.111
To run a command as administrator (user "root"), use "sudo <command>".
See "man sudo_root" for details.

cachadmin@k8s-control:~$ ip ad
1: lo: <LOOPBACK,UP,LOWER_UP> mtu 65536 qdisc noqueue state UNKNOWN group default qlen 1000
    link/loopback 00:00:00:00:00:00 brd 00:00:00:00:00:00
    inet 127.0.0.1/8 scope host lo
       valid_lft forever preferred_lft forever
    inet6 ::1/128 scope host noprefixroute 
       valid_lft forever preferred_lft forever
2: ens18: <BROADCAST,MULTICAST,UP,LOWER_UP> mtu 1500 qdisc fq_codel state UP group default qlen 1000
    link/ether bc:24:11:33:32:10 brd ff:ff:ff:ff:ff:ff
    altname enp0s18
    inet 192.168.68.101/24 metric 100 brd 192.168.68.255 scope global dynamic ens18
       valid_lft 4994sec preferred_lft 4994sec
    inet6 fe80::be24:11ff:fe33:3210/64 scope link 
       valid_lft forever preferred_lft forever
cachadmin@k8s-control:~$ exit
logout
Connection to 192.168.68.101 closed.
rovelazq@ROVELAZQ-M-PPV9 ~ % ssh cachadmin@192.168.68.113
The authenticity of host '192.168.68.113 (192.168.68.113)' can't be established.
ED25519 key fingerprint is: SHA256:fCFYV5GREXzUA7Ys79jGYZPkAVcOshWxG58bbV9Wluk
This key is not known by any other names.
Are you sure you want to continue connecting (yes/no/[fingerprint])? yes
Warning: Permanently added '192.168.68.113' (ED25519) to the list of known hosts.
cachadmin@192.168.68.113's password: 
Permission denied, please try again.
cachadmin@192.168.68.113's password: 
Permission denied, please try again.
cachadmin@192.168.68.113's password: 
cachadmin@192.168.68.113: Permission denied (publickey,password).
rovelazq@ROVELAZQ-M-PPV9 ~ % ssh cachadmin@192.168.68.113
cachadmin@192.168.68.113's password: 
Permission denied, please try again.
cachadmin@192.168.68.113's password: 

rovelazq@ROVELAZQ-M-PPV9 ~ % ssh cachiadmin@192.168.68.113
cachiadmin@192.168.68.113's password: 
Welcome to Ubuntu 24.04.4 LTS (GNU/Linux 6.8.0-134-generic x86_64)

 * Documentation:  https://help.ubuntu.com
 * Management:     https://landscape.canonical.com
 * Support:        https://ubuntu.com/pro

 System information as of Thu Jul  2 07:54:03 PM UTC 2026

  System load:  0.0                Processes:              110
  Usage of /:   39.4% of 13.67GB   Users logged in:        1
  Memory usage: 5%                 IPv4 address for ens18: 192.168.68.113
  Swap usage:   0%


Expanded Security Maintenance for Applications is not enabled.

31 updates can be applied immediately.
1 of these updates is a standard security update.
To see these additional updates run: apt list --upgradable

Enable ESM Apps to receive additional future security updates.
See https://ubuntu.com/esm or run: sudo pro status


To run a command as administrator (user "root"), use "sudo <command>".
See "man sudo_root" for details.

cachiadmin@k8s-worker1:~$ ip ad
1: lo: <LOOPBACK,UP,LOWER_UP> mtu 65536 qdisc noqueue state UNKNOWN group default qlen 1000
    link/loopback 00:00:00:00:00:00 brd 00:00:00:00:00:00
    inet 127.0.0.1/8 scope host lo
       valid_lft forever preferred_lft forever
    inet6 ::1/128 scope host noprefixroute 
       valid_lft forever preferred_lft forever
2: ens18: <BROADCAST,MULTICAST,UP,LOWER_UP> mtu 1500 qdisc fq_codel state UP group default qlen 1000
    link/ether bc:24:11:ac:76:f0 brd ff:ff:ff:ff:ff:ff
    altname enp0s18
    inet 192.168.68.113/24 metric 100 brd 192.168.68.255 scope global dynamic ens18
       valid_lft 5769sec preferred_lft 5769sec
    inet6 fe80::be24:11ff:feac:76f0/64 scope link 
       valid_lft forever preferred_lft forever
cachiadmin@k8s-worker1:~$ exit
logout
Connection to 192.168.68.113 closed.
rovelazq@ROVELAZQ-M-PPV9 ~ % ssh cachadmin@192.168.68.101 
cachadmin@192.168.68.101's password: 
Welcome to Ubuntu 24.04.4 LTS (GNU/Linux 6.8.0-134-generic x86_64)

 * Documentation:  https://help.ubuntu.com
 * Management:     https://landscape.canonical.com
 * Support:        https://ubuntu.com/pro

 System information as of Thu Jul  2 07:55:29 PM UTC 2026

  System load:  0.0                Processes:              106
  Usage of /:   39.4% of 13.67GB   Users logged in:        1
  Memory usage: 5%                 IPv4 address for ens18: 192.168.68.101
  Swap usage:   0%


Expanded Security Maintenance for Applications is not enabled.

30 updates can be applied immediately.
1 of these updates is a standard security update.
To see these additional updates run: apt list --upgradable

Enable ESM Apps to receive additional future security updates.
See https://ubuntu.com/esm or run: sudo pro status


Last login: Thu Jul  2 19:51:52 2026 from 192.168.68.111
To run a command as administrator (user "root"), use "sudo <command>".
See "man sudo_root" for details.

cachadmin@k8s-control:~$ sudo usermod -l cachiadmin cachadmin
[sudo] password for cachadmin: 
usermod: user cachadmin is currently used by process 1179
cachadmin@k8s-control:~$ sudo adduser tmpadmin
info: Adding user `tmpadmin' ...
info: Selecting UID/GID from range 1000 to 59999 ...
info: Adding new group `tmpadmin' (1001) ...
info: Adding new user `tmpadmin' (1001) with group `tmpadmin (1001)' ...
info: Creating home directory `/home/tmpadmin' ...
info: Copying files from `/etc/skel' ...
New password: 
Retype new password: 
passwd: password updated successfully
Changing the user information for tmpadmin
Enter the new value, or press ENTER for the default
	Full Name []: temp admin
	Room Number []: office
	Work Phone []: 
	Home Phone []: 
	Other []: 
Is the information correct? [Y/n] y
info: Adding new user `tmpadmin' to supplemental / extra groups `users' ...
info: Adding user `tmpadmin' to group `users' ...
cachadmin@k8s-control:~$ sudo usermod -aG sudo tmpadmin
cachadmin@k8s-control:~$ exit
logout
Connection to 192.168.68.101 closed.
rovelazq@ROVELAZQ-M-PPV9 ~ % ssh tmpadmin@192.168.68.101
tmpadmin@192.168.68.101's password: 
Welcome to Ubuntu 24.04.4 LTS (GNU/Linux 6.8.0-134-generic x86_64)

 * Documentation:  https://help.ubuntu.com
 * Management:     https://landscape.canonical.com
 * Support:        https://ubuntu.com/pro

 System information as of Thu Jul  2 07:58:07 PM UTC 2026

  System load:  0.0                Processes:              111
  Usage of /:   39.4% of 13.67GB   Users logged in:        1
  Memory usage: 6%                 IPv4 address for ens18: 192.168.68.101
  Swap usage:   0%


Expanded Security Maintenance for Applications is not enabled.

30 updates can be applied immediately.
1 of these updates is a standard security update.
To see these additional updates run: apt list --upgradable

Enable ESM Apps to receive additional future security updates.
See https://ubuntu.com/esm or run: sudo pro status



The programs included with the Ubuntu system are free software;
the exact distribution terms for each program are described in the
individual files in /usr/share/doc/*/copyright.

Ubuntu comes with ABSOLUTELY NO WARRANTY, to the extent permitted by
applicable law.

To run a command as administrator (user "root"), use "sudo <command>".
See "man sudo_root" for details.

tmpadmin@k8s-control:~$ sudo usermod -l cachiadmin cachadmin
[sudo] password for tmpadmin: 
usermod: user cachadmin is currently used by process 1179
tmpadmin@k8s-control:~$ sudo usermod -l cachiadmin cachadmin
usermod: user cachadmin is currently used by process 1179
tmpadmin@k8s-control:~$ ps kill -9 1179
error: unknown sort specifier

Usage:
 ps [options]

 Try 'ps --help <simple|list|output|threads|misc|all>'
  or 'ps --help <s|l|o|t|m|a>'
 for additional help text.

For more details see ps(1).
tmpadmin@k8s-control:~$ kill -9 1179
-bash: kill: (1179) - No such process
tmpadmin@k8s-control:~$ sudo usermod -l cachiadmin cachadmin
tmpadmin@k8s-control:~$ sudo grupmod -n cachiadmin cachadmin
sudo: grupmod: command not found
tmpadmin@k8s-control:~$ sudo groupmod -n cachiadmin cachadmin
tmpadmin@k8s-control:~$ sudo mv /home/cachadmin/ /home/cachiadmin
tmpadmin@k8s-control:~$ sudo usermod -d /home/cachiadmin -m cachiadmin
usermod: directory /home/cachiadmin exists
tmpadmin@k8s-control:~$ id cachiadmin
uid=1000(cachiadmin) gid=1000(cachiadmin) groups=1000(cachiadmin),4(adm),24(cdrom),27(sudo),30(dip),46(plugdev),101(lxd)
tmpadmin@k8s-control:~$ exit
logout
Connection to 192.168.68.101 closed.
rovelazq@ROVELAZQ-M-PPV9 ~ % ssh cachiadmin@192.168.68.101
cachiadmin@192.168.68.101's password: 
Welcome to Ubuntu 24.04.4 LTS (GNU/Linux 6.8.0-134-generic x86_64)

 * Documentation:  https://help.ubuntu.com
 * Management:     https://landscape.canonical.com
 * Support:        https://ubuntu.com/pro

 System information as of Thu Jul  2 08:02:12 PM UTC 2026

  System load:  0.0                Processes:              111
  Usage of /:   39.4% of 13.67GB   Users logged in:        0
  Memory usage: 5%                 IPv4 address for ens18: 192.168.68.101
  Swap usage:   0%


Expanded Security Maintenance for Applications is not enabled.

30 updates can be applied immediately.
1 of these updates is a standard security update.
To see these additional updates run: apt list --upgradable

Enable ESM Apps to receive additional future security updates.
See https://ubuntu.com/esm or run: sudo pro status


Last login: Thu Jul  2 19:55:30 2026 from 192.168.68.111
cachiadmin@k8s-control:~$ 
cachiadmin@k8s-control:~$ 
cachiadmin@k8s-control:~$ 
cachiadmin@k8s-control:~$ pwd
/home/cachiadmin
cachiadmin@k8s-control:~$ 
cachiadmin@k8s-control:~$ 
cachiadmin@k8s-control:~$ sudo swapo
swapoff  swapon   
cachiadmin@k8s-control:~$ sudo swapo
swapoff  swapon   
cachiadmin@k8s-control:~$ sudo swapoff -a
[sudo] password for cachiadmin: 
cachiadmin@k8s-control:~$ vi /etc/fstab 
cachiadmin@k8s-control:~$ sudo vi /etc/fstab
cachiadmin@k8s-control:~$ cat /etc/modules-load.d/k8s.conf
cat: /etc/modules-load.d/k8s.conf: No such file or directory
cachiadmin@k8s-control:~$ # Create the .conf file to load the modules at boot
cat <<EOF | sudo tee /etc/modules-load.d/k8s.conf
overlay
br_netfilter
EOF

# Load the modules immediately
sudo modprobe overlay
sudo modprobe br_netfilter

# Configure sysctl parameters for Kubernetes networking
cat <<EOF | sudo tee /etc/sysctl.d/k8s.conf
net.bridge.bridge-nf-call-iptables  = 1
net.bridge.bridge-nf-call-ip6tables = 1
net.ipv4.ip_forward                 = 1
EOF

# Apply the sysctl parameters without rebooting
sudo sysctl --system
overlay
br_netfilter
net.bridge.bridge-nf-call-iptables  = 1
net.bridge.bridge-nf-call-ip6tables = 1
net.ipv4.ip_forward                 = 1
* Applying /usr/lib/sysctl.d/10-apparmor.conf ...
* Applying /etc/sysctl.d/10-bufferbloat.conf ...
* Applying /etc/sysctl.d/10-console-messages.conf ...
* Applying /etc/sysctl.d/10-ipv6-privacy.conf ...
* Applying /etc/sysctl.d/10-kernel-hardening.conf ...
* Applying /etc/sysctl.d/10-magic-sysrq.conf ...
* Applying /etc/sysctl.d/10-map-count.conf ...
* Applying /etc/sysctl.d/10-network-security.conf ...
* Applying /etc/sysctl.d/10-ptrace.conf ...
* Applying /etc/sysctl.d/10-zeropage.conf ...
* Applying /usr/lib/sysctl.d/50-pid-max.conf ...
* Applying /usr/lib/sysctl.d/99-protect-links.conf ...
* Applying /etc/sysctl.d/99-sysctl.conf ...
* Applying /etc/sysctl.d/k8s.conf ...
* Applying /etc/sysctl.conf ...
kernel.apparmor_restrict_unprivileged_userns = 1
net.core.default_qdisc = fq_codel
kernel.printk = 4 4 1 7
net.ipv6.conf.all.use_tempaddr = 2
net.ipv6.conf.default.use_tempaddr = 2
kernel.kptr_restrict = 1
kernel.sysrq = 176
vm.max_map_count = 1048576
net.ipv4.conf.default.rp_filter = 2
net.ipv4.conf.all.rp_filter = 2
kernel.yama.ptrace_scope = 1
vm.mmap_min_addr = 65536
kernel.pid_max = 4194304
fs.protected_fifos = 1
fs.protected_hardlinks = 1
fs.protected_regular = 2
fs.protected_symlinks = 1
net.bridge.bridge-nf-call-iptables = 1
net.bridge.bridge-nf-call-ip6tables = 1
net.ipv4.ip_forward = 1
cachiadmin@k8s-control:~$ sudo apt-get update
Hit:1 http://archive.ubuntu.com/ubuntu noble InRelease
Get:2 http://security.ubuntu.com/ubuntu noble-security InRelease [126 kB]
Get:3 http://archive.ubuntu.com/ubuntu noble-updates InRelease [126 kB]
Hit:4 http://archive.ubuntu.com/ubuntu noble-backports InRelease   
Get:5 http://security.ubuntu.com/ubuntu noble-security/main amd64 c-n-f Metadata [11.8 kB]
Get:6 http://security.ubuntu.com/ubuntu noble-security/universe amd64 c-n-f Metadata [24.2 kB]
Get:7 http://archive.ubuntu.com/ubuntu noble-updates/main amd64 Packages [1074 kB]
Get:8 http://archive.ubuntu.com/ubuntu noble-updates/restricted amd64 Packages [1196 kB]
Get:9 http://archive.ubuntu.com/ubuntu noble-updates/universe amd64 Packages [1659 kB]
Fetched 4217 kB in 2s (2749 kB/s)                         
Reading package lists... Done
cachiadmin@k8s-control:~$ sudo apt-get install -y ca-certificates curl gnupg lsb-release
Reading package lists... Done
Building dependency tree... Done
Reading state information... Done
ca-certificates is already the newest version (20260601~24.04.1).
ca-certificates set to manually installed.
curl is already the newest version (8.5.0-2ubuntu10.10).
curl set to manually installed.
gnupg is already the newest version (2.4.4-2ubuntu17.4).
gnupg set to manually installed.
lsb-release is already the newest version (12.0-2).
lsb-release set to manually installed.
0 upgraded, 0 newly installed, 0 to remove and 29 not upgraded.
cachiadmin@k8s-control:~$ sudo mkdir -p /etc/apt/keyrings
cachiadmin@k8s-control:~$ curl  -fsSL https://download.docker.com/linux/ubuntu/gpg | sudo gpg --dearmor -o /etc/apt/keyrings/docker.gpg
cachiadmin@k8s-control:~$ sudo apt-get update 
Hit:1 http://security.ubuntu.com/ubuntu noble-security InRelease
Hit:2 http://archive.ubuntu.com/ubuntu noble InRelease
Hit:3 http://archive.ubuntu.com/ubuntu noble-updates InRelease
Hit:4 http://archive.ubuntu.com/ubuntu noble-backports InRelease
Reading package lists... Done
cachiadmin@k8s-control:~$ sudo apt-get install -y container.io
Reading package lists... Done
Building dependency tree... Done
Reading state information... Done
E: Unable to locate package container.io
E: Couldn't find any package by glob 'container.io'
E: Couldn't find any package by regex 'container.io'
cachiadmin@k8s-control:~$ sudo apt-get install -y containerd.io
Reading package lists... Done
Building dependency tree... Done
Reading state information... Done
E: Unable to locate package containerd.io
E: Couldn't find any package by glob 'containerd.io'
E: Couldn't find any package by regex 'containerd.io'
cachiadmin@k8s-control:~$ cat /etc/apt/sources.list.d/docker.list
cat: /etc/apt/sources.list.d/docker.list: No such file or directory
cachiadmin@k8s-control:~$ cat /etc/apt/sources.list.d/ubuntu.sources
Types: deb
URIs: http://archive.ubuntu.com/ubuntu/
Suites: noble noble-updates noble-backports
Components: main restricted universe multiverse
Signed-By: /usr/share/keyrings/ubuntu-archive-keyring.gpg

Types: deb
URIs: http://security.ubuntu.com/ubuntu/
Suites: noble-security
Components: main restricted universe multiverse
Signed-By: /usr/share/keyrings/ubuntu-archive-keyring.gpg
cachiadmin@k8s-control:~$ echo \
  "deb [arch=$(dpkg --print-architecture) signed-by=/etc/apt/keyrings/docker.gpg] https://download.docker.com/linux/ubuntu \
  $(lsb_release -cs) stable" | sudo tee /etc/apt/sources.list.d/docker.list > /dev/null
cachiadmin@k8s-control:~$ cat /etc/apt/sources.list.d/docker.list
deb [arch=amd64 signed-by=/etc/apt/keyrings/docker.gpg] https://download.docker.com/linux/ubuntu   noble stable
cachiadmin@k8s-control:~$ sudo apt-get update 
Hit:1 http://archive.ubuntu.com/ubuntu noble InRelease
Hit:2 http://security.ubuntu.com/ubuntu noble-security InRelease
Get:3 https://download.docker.com/linux/ubuntu noble InRelease [48.5 kB]
Hit:4 http://archive.ubuntu.com/ubuntu noble-updates InRelease
Hit:5 http://archive.ubuntu.com/ubuntu noble-backports InRelease
Get:6 https://download.docker.com/linux/ubuntu noble/stable amd64 Packages [59.3 kB]
Fetched 108 kB in 1s (138 kB/s)    
Reading package lists... Done
cachiadmin@k8s-control:~$ sudo apt-get install -y containerd.io
Reading package lists... Done
Building dependency tree... Done
Reading state information... Done
The following NEW packages will be installed:
  containerd.io
0 upgraded, 1 newly installed, 0 to remove and 29 not upgraded.
Need to get 23.6 MB of archives.
After this operation, 93.5 MB of additional disk space will be used.
Get:1 https://download.docker.com/linux/ubuntu noble/stable amd64 containerd.io amd64 2.2.5-1~ubuntu.24.04~noble [23.6 MB]
Fetched 23.6 MB in 1s (25.0 MB/s)        
Selecting previously unselected package containerd.io.
(Reading database ... 88257 files and directories currently installed.)
Preparing to unpack .../containerd.io_2.2.5-1~ubuntu.24.04~noble_amd64.deb ...
Unpacking containerd.io (2.2.5-1~ubuntu.24.04~noble) ...
Setting up containerd.io (2.2.5-1~ubuntu.24.04~noble) ...
Created symlink /etc/systemd/system/multi-user.target.wants/containerd.service → /usr/lib/systemd/system/containerd.service.
Processing triggers for man-db (2.12.0-4build2) ...
Scanning processes...                                                                                                                                                                                                                                                                      
Scanning linux images...                                                                                                                                                                                                                                                                   

Running kernel seems to be up-to-date.

No services need to be restarted.

No containers need to be restarted.

No user sessions are running outdated binaries.

No VM guests are running outdated hypervisor (qemu) binaries on this host.
cachiadmin@k8s-control:~$ sudo mkdir -p /etc/containerd
cachiadmin@k8s-control:~$ containerd config default | sudo tee /etc/containerd/config.toml
version = 3
root = '/var/lib/containerd'
state = '/run/containerd'
temp = ''
disabled_plugins = []
required_plugins = []
oom_score = 0
imports = ['/etc/containerd/conf.d/*.toml']

[grpc]
  address = '/run/containerd/containerd.sock'
  tcp_address = ''
  tcp_tls_ca = ''
  tcp_tls_cert = ''
  tcp_tls_key = ''
  uid = 0
  gid = 0
  max_recv_message_size = 16777216
  max_send_message_size = 16777216
  tcp_tls_common_name = ''

[ttrpc]
  address = ''
  uid = 0
  gid = 0

[debug]
  address = ''
  uid = 0
  gid = 0
  level = ''
  format = ''

[metrics]
  address = ''
  grpc_histogram = false

[plugins]
  [plugins.'io.containerd.cri.v1.images']
    snapshotter = 'overlayfs'
    disable_snapshot_annotations = true
    discard_unpacked_layers = false
    max_concurrent_downloads = 3
    concurrent_layer_fetch_buffer = 0
    image_pull_progress_timeout = '5m0s'
    image_pull_with_sync_fs = false
    stats_collect_period = 10
    use_local_image_pull = false

    [plugins.'io.containerd.cri.v1.images'.pinned_images]
      sandbox = 'registry.k8s.io/pause:3.10.1'

    [plugins.'io.containerd.cri.v1.images'.registry]
      config_path = ''

    [plugins.'io.containerd.cri.v1.images'.image_decryption]
      key_model = 'node'

  [plugins.'io.containerd.cri.v1.runtime']
    enable_selinux = false
    selinux_category_range = 1024
    max_container_log_line_size = 16384
    disable_apparmor = false
    restrict_oom_score_adj = false
    disable_proc_mount = false
    unset_seccomp_profile = ''
    tolerate_missing_hugetlb_controller = true
    disable_hugetlb_controller = true
    device_ownership_from_security_context = false
    ignore_image_defined_volumes = false
    netns_mounts_under_state_dir = false
    enable_unprivileged_ports = true
    enable_unprivileged_icmp = true
    enable_cdi = true
    cdi_spec_dirs = ['/etc/cdi', '/var/run/cdi']
    drain_exec_sync_io_timeout = '0s'
    ignore_deprecation_warnings = []

    [plugins.'io.containerd.cri.v1.runtime'.containerd]
      default_runtime_name = 'runc'
      ignore_blockio_not_enabled_errors = false
      ignore_rdt_not_enabled_errors = false

      [plugins.'io.containerd.cri.v1.runtime'.containerd.runtimes]
        [plugins.'io.containerd.cri.v1.runtime'.containerd.runtimes.runc]
          runtime_type = 'io.containerd.runc.v2'
          runtime_path = ''
          pod_annotations = []
          container_annotations = []
          privileged_without_host_devices = false
          privileged_without_host_devices_all_devices_allowed = false
          cgroup_writable = false
          base_runtime_spec = ''
          cni_conf_dir = ''
          cni_max_conf_num = 0
          snapshotter = ''
          sandboxer = 'podsandbox'
          io_type = ''

          [plugins.'io.containerd.cri.v1.runtime'.containerd.runtimes.runc.options]
            BinaryName = ''
            CriuImagePath = ''
            CriuWorkPath = ''
            IoGid = 0
            IoUid = 0
            NoNewKeyring = false
            Root = ''
            ShimCgroup = ''
            SystemdCgroup = false

    [plugins.'io.containerd.cri.v1.runtime'.cni]
      bin_dir = ''
      bin_dirs = ['/opt/cni/bin']
      conf_dir = '/etc/cni/net.d'
      max_conf_num = 1
      setup_serially = false
      conf_template = ''
      ip_pref = ''
      use_internal_loopback = false

  [plugins.'io.containerd.differ.v1.erofs']
    mkfs_options = []
    enable_tar_index = false

  [plugins.'io.containerd.gc.v1.scheduler']
    pause_threshold = 0.02
    deletion_threshold = 0
    mutation_threshold = 100
    schedule_delay = '0s'
    startup_delay = '100ms'

  [plugins.'io.containerd.grpc.v1.cri']
    disable_tcp_service = true
    stream_server_address = '127.0.0.1'
    stream_server_port = '0'
    stream_idle_timeout = '4h0m0s'
    enable_tls_streaming = false

    [plugins.'io.containerd.grpc.v1.cri'.x509_key_pair_streaming]
      tls_cert_file = ''
      tls_key_file = ''

  [plugins.'io.containerd.image-verifier.v1.bindir']
    bin_dir = '/opt/containerd/image-verifier/bin'
    max_verifiers = 10
    per_verifier_timeout = '10s'

  [plugins.'io.containerd.internal.v1.opt']
    path = '/opt/containerd'

  [plugins.'io.containerd.internal.v1.tracing']

  [plugins.'io.containerd.metadata.v1.bolt']
    content_sharing_policy = 'shared'
    no_sync = false

  [plugins.'io.containerd.monitor.container.v1.restart']
    interval = '10s'

  [plugins.'io.containerd.monitor.task.v1.cgroups']
    no_prometheus = false

  [plugins.'io.containerd.mount-handler.v1.erofs']

  [plugins.'io.containerd.nri.v1.nri']
    disable = false
    socket_path = '/var/run/nri/nri.sock'
    plugin_path = '/opt/nri/plugins'
    plugin_config_path = '/etc/nri/conf.d'
    plugin_registration_timeout = '5s'
    plugin_request_timeout = '2s'
    disable_connections = false

    [plugins.'io.containerd.nri.v1.nri'.default_validator]
      enable = false
      reject_oci_hook_adjustment = false
      reject_runtime_default_seccomp_adjustment = false
      reject_unconfined_seccomp_adjustment = false
      reject_custom_seccomp_adjustment = false
      reject_namespace_adjustment = false
      reject_sysctl_adjustment = false
      required_plugins = []
      tolerate_missing_plugins_annotation = ''

  [plugins.'io.containerd.runtime.v2.task']
    platforms = ['linux/amd64']

  [plugins.'io.containerd.service.v1.diff-service']
    default = ['walking']
    sync_fs = false

  [plugins.'io.containerd.service.v1.tasks-service']
    blockio_config_file = ''
    rdt_config_file = ''

  [plugins.'io.containerd.shim.v1.manager']
    env = []

  [plugins.'io.containerd.snapshotter.v1.blockfile']
    root_path = ''
    scratch_file = ''
    fs_type = ''
    mount_options = []
    recreate_scratch = false

  [plugins.'io.containerd.snapshotter.v1.btrfs']
    root_path = ''

  [plugins.'io.containerd.snapshotter.v1.devmapper']
    root_path = ''
    pool_name = ''
    base_image_size = ''
    async_remove = false
    discard_blocks = false
    fs_type = ''
    fs_options = ''

  [plugins.'io.containerd.snapshotter.v1.erofs']
    root_path = ''
    ovl_mount_options = []
    enable_fsverity = false
    set_immutable = false
    default_size = ''

  [plugins.'io.containerd.snapshotter.v1.native']
    root_path = ''

  [plugins.'io.containerd.snapshotter.v1.overlayfs']
    root_path = ''
    upperdir_label = false
    sync_remove = false
    slow_chown = false
    mount_options = []

  [plugins.'io.containerd.snapshotter.v1.zfs']
    root_path = ''

  [plugins.'io.containerd.tracing.processor.v1.otlp']

  [plugins.'io.containerd.transfer.v1.local']
    max_concurrent_downloads = 3
    concurrent_layer_fetch_buffer = 0
    max_concurrent_uploaded_layers = 3
    check_platform_supported = false
    config_path = ''
    max_concurrent_unpacks = 1

[cgroup]
  path = ''

[timeouts]
  'io.containerd.timeout.bolt.open' = '0s'
  'io.containerd.timeout.cri.defercleanup' = '1m0s'
  'io.containerd.timeout.metrics.shimstats' = '2s'
  'io.containerd.timeout.shim.cleanup' = '5s'
  'io.containerd.timeout.shim.load' = '5s'
  'io.containerd.timeout.shim.shutdown' = '3s'
  'io.containerd.timeout.task.state' = '2s'

[stream_processors]
  [stream_processors.'io.containerd.ocicrypt.decoder.v1.tar']
    accepts = ['application/vnd.oci.image.layer.v1.tar+encrypted']
    returns = 'application/vnd.oci.image.layer.v1.tar'
    path = 'ctd-decoder'
    args = ['--decryption-keys-path', '/etc/containerd/ocicrypt/keys']
    env = ['OCICRYPT_KEYPROVIDER_CONFIG=/etc/containerd/ocicrypt/ocicrypt_keyprovider.conf']

  [stream_processors.'io.containerd.ocicrypt.decoder.v1.tar.gzip']
    accepts = ['application/vnd.oci.image.layer.v1.tar+gzip+encrypted']
    returns = 'application/vnd.oci.image.layer.v1.tar+gzip'
    path = 'ctd-decoder'
    args = ['--decryption-keys-path', '/etc/containerd/ocicrypt/keys']
    env = ['OCICRYPT_KEYPROVIDER_CONFIG=/etc/containerd/ocicrypt/ocicrypt_keyprovider.conf']
cachiadmin@k8s-control:~$ vi /etc/containerd/config.toml
cachiadmin@k8s-control:~$ sudo vi /etc/containerd/config.toml
cachiadmin@k8s-control:~$ sudo systemctl restart containerd
cachiadmin@k8s-control:~$ sudo systemctl enable containerd
cachiadmin@k8s-control:~$ sudo apt-get update 
Hit:1 http://archive.ubuntu.com/ubuntu noble InRelease
Hit:2 http://security.ubuntu.com/ubuntu noble-security InRelease
Hit:3 https://download.docker.com/linux/ubuntu noble InRelease
Hit:4 http://archive.ubuntu.com/ubuntu noble-updates InRelease
Hit:5 http://archive.ubuntu.com/ubuntu noble-backports InRelease
Reading package lists... Done
cachiadmin@k8s-control:~$ sudo apt-get install -y apt-transport-https ca-certificates curl gpg
Reading package lists... Done
Building dependency tree... Done
Reading state information... Done
ca-certificates is already the newest version (20260601~24.04.1).
curl is already the newest version (8.5.0-2ubuntu10.10).
gpg is already the newest version (2.4.4-2ubuntu17.4).
gpg set to manually installed.
The following NEW packages will be installed:
  apt-transport-https
0 upgraded, 1 newly installed, 0 to remove and 29 not upgraded.
Need to get 3970 B of archives.
After this operation, 36.9 kB of additional disk space will be used.
Get:1 http://archive.ubuntu.com/ubuntu noble-updates/universe amd64 apt-transport-https all 2.8.3 [3970 B]
Fetched 3970 B in 0s (40.1 kB/s)
Selecting previously unselected package apt-transport-https.
(Reading database ... 88271 files and directories currently installed.)
Preparing to unpack .../apt-transport-https_2.8.3_all.deb ...
Unpacking apt-transport-https (2.8.3) ...
Setting up apt-transport-https (2.8.3) ...
Scanning processes...                                                                                                                                                                                                                                                                      
Scanning linux images...                                                                                                                                                                                                                                                                   

Running kernel seems to be up-to-date.

No services need to be restarted.

No containers need to be restarted.

No user sessions are running outdated binaries.

No VM guests are running outdated hypervisor (qemu) binaries on this host.
cachiadmin@k8s-control:~$ curl -fsSL https://pkgs.k8s.io/core:/stable:/v1.30/deb/Release.key | sudo gpg --dearmor -o /etc/apt/keyrings/kubernetes-apt-keyring.gpg
cachiadmin@k8s-control:~$ echo 'deb [signed-by=/etc/apt/keyrings/kubernetes-apt-keyring.gpg] https://pkgs.k8s.io/core:/stable:/v1.30/deb/ /' | sudo tee /etc/apt/sources.list.d/kubernetes.list
deb [signed-by=/etc/apt/keyrings/kubernetes-apt-keyring.gpg] https://pkgs.k8s.io/core:/stable:/v1.30/deb/ /
cachiadmin@k8s-control:~$ sudo apt-get update
Hit:1 http://security.ubuntu.com/ubuntu noble-security InRelease
Hit:2 http://archive.ubuntu.com/ubuntu noble InRelease              
Hit:3 https://download.docker.com/linux/ubuntu noble InRelease      
Hit:5 http://archive.ubuntu.com/ubuntu noble-updates InRelease      
Hit:6 http://archive.ubuntu.com/ubuntu noble-backports InRelease
Get:4 https://prod-cdn.packages.k8s.io/repositories/isv:/kubernetes:/core:/stable:/v1.30/deb  InRelease [1192 B]
Get:7 https://prod-cdn.packages.k8s.io/repositories/isv:/kubernetes:/core:/stable:/v1.30/deb  Packages [20.3 kB]
Fetched 21.5 kB in 1s (23.1 kB/s)
Reading package lists... Done
cachiadmin@k8s-control:~$ sudo apt-get install -y kubelet kubeadm kubectl
Reading package lists... Done
Building dependency tree... Done
Reading state information... Done
The following additional packages will be installed:
  conntrack cri-tools kubernetes-cni
The following NEW packages will be installed:
  conntrack cri-tools kubeadm kubectl kubelet kubernetes-cni
0 upgraded, 6 newly installed, 0 to remove and 29 not upgraded.
Need to get 93.8 MB of archives.
After this operation, 343 MB of additional disk space will be used.
Get:1 http://archive.ubuntu.com/ubuntu noble/main amd64 conntrack amd64 1:1.4.8-1ubuntu1 [37.9 kB]
Get:2 https://prod-cdn.packages.k8s.io/repositories/isv:/kubernetes:/core:/stable:/v1.30/deb  cri-tools 1.30.1-1.1 [21.3 MB]
Get:3 https://prod-cdn.packages.k8s.io/repositories/isv:/kubernetes:/core:/stable:/v1.30/deb  kubeadm 1.30.14-1.1 [10.5 MB]
Get:4 https://prod-cdn.packages.k8s.io/repositories/isv:/kubernetes:/core:/stable:/v1.30/deb  kubectl 1.30.14-1.1 [10.9 MB]
Get:5 https://prod-cdn.packages.k8s.io/repositories/isv:/kubernetes:/core:/stable:/v1.30/deb  kubernetes-cni 1.4.0-1.1 [32.9 MB]
Get:6 https://prod-cdn.packages.k8s.io/repositories/isv:/kubernetes:/core:/stable:/v1.30/deb  kubelet 1.30.14-1.1 [18.2 MB]
Fetched 93.8 MB in 3s (35.9 MB/s) 
Selecting previously unselected package conntrack.
(Reading database ... 88275 files and directories currently installed.)
Preparing to unpack .../0-conntrack_1%3a1.4.8-1ubuntu1_amd64.deb ...
Unpacking conntrack (1:1.4.8-1ubuntu1) ...
Selecting previously unselected package cri-tools.
Preparing to unpack .../1-cri-tools_1.30.1-1.1_amd64.deb ...
Unpacking cri-tools (1.30.1-1.1) ...
Selecting previously unselected package kubeadm.
Preparing to unpack .../2-kubeadm_1.30.14-1.1_amd64.deb ...
Unpacking kubeadm (1.30.14-1.1) ...
Selecting previously unselected package kubectl.
Preparing to unpack .../3-kubectl_1.30.14-1.1_amd64.deb ...
Unpacking kubectl (1.30.14-1.1) ...
Selecting previously unselected package kubernetes-cni.
Preparing to unpack .../4-kubernetes-cni_1.4.0-1.1_amd64.deb ...
Unpacking kubernetes-cni (1.4.0-1.1) ...
Selecting previously unselected package kubelet.
Preparing to unpack .../5-kubelet_1.30.14-1.1_amd64.deb ...
Unpacking kubelet (1.30.14-1.1) ...
Setting up conntrack (1:1.4.8-1ubuntu1) ...
Setting up kubectl (1.30.14-1.1) ...
Setting up cri-tools (1.30.1-1.1) ...
Setting up kubernetes-cni (1.4.0-1.1) ...
Setting up kubeadm (1.30.14-1.1) ...
Setting up kubelet (1.30.14-1.1) ...
Processing triggers for man-db (2.12.0-4build2) ...
Scanning processes...                                                                                                                                                                                                                                                                      
Scanning linux images...                                                                                                                                                                                                                                                                   

Running kernel seems to be up-to-date.

No services need to be restarted.

No containers need to be restarted.

No user sessions are running outdated binaries.

No VM guests are running outdated hypervisor (qemu) binaries on this host.
cachiadmin@k8s-control:~$ sudo apt-mark hold kubelet kubeadm kubectl
kubelet set on hold.
kubeadm set on hold.
kubectl set on hold.
cachiadmin@k8s-control:~$ sudo systemctl enable kubelet
cachiadmin@k8s-control:~$ Read from remote host 192.168.68.101: Can't assign requested address
Connection to 192.168.68.101 closed.
client_loop: send disconnect: Broken pipe
rovelazq@ROVELAZQ-M-PPV9 ~ % 
