Last login: Thu Jul  2 13:51:38 on ttys000
rovelazq@ROVELAZQ-M-PPV9 ~ % ssh cachiadmin@192.168.68.113 
cachiadmin@192.168.68.113's password: 
Welcome to Ubuntu 24.04.4 LTS (GNU/Linux 6.8.0-134-generic x86_64)

 * Documentation:  https://help.ubuntu.com
 * Management:     https://landscape.canonical.com
 * Support:        https://ubuntu.com/pro

 System information as of Thu Jul  2 08:10:21 PM UTC 2026

  System load:  0.3                Processes:              108
  Usage of /:   39.4% of 13.67GB   Users logged in:        1
  Memory usage: 5%                 IPv4 address for ens18: 192.168.68.113
  Swap usage:   0%


Expanded Security Maintenance for Applications is not enabled.

31 updates can be applied immediately.
1 of these updates is a standard security update.
To see these additional updates run: apt list --upgradable

Enable ESM Apps to receive additional future security updates.
See https://ubuntu.com/esm or run: sudo pro status


Last login: Thu Jul  2 19:54:04 2026 from 192.168.68.111
To run a command as administrator (user "root"), use "sudo <command>".
See "man sudo_root" for details.

cachiadmin@k8s-worker1:~$ sudo swapoff -a
[sudo] password for cachiadmin: 
cachiadmin@k8s-worker1:~$ sudo vi /etc/fstab 
cachiadmin@k8s-worker1:~$ # Create the .conf file to load the modules at boot
cat <<EOF | sudo tee /etc/modules-load.d/k8s.conf
overlay
br_netfilter
EOF

# Load the modules immediately
sudo modprobe overlay
sudo modprobe br_netfilter

# Configure sysctl parameters for Kubernetes networking
cat <<EOF | sudo tee /etc/sysctl.d/k8s.conf
net.bridge.bridge-nf-call-iptables  = 1
net.bridge.bridge-nf-call-ip6tables = 1
net.ipv4.ip_forward                 = 1
EOF

# Apply the sysctl parameters without rebooting
sudo sysctl --system
[sudo] password for cachiadmin: 
overlay
br_netfilter
net.bridge.bridge-nf-call-iptables  = 1
net.bridge.bridge-nf-call-ip6tables = 1
net.ipv4.ip_forward                 = 1
* Applying /usr/lib/sysctl.d/10-apparmor.conf ...
* Applying /etc/sysctl.d/10-bufferbloat.conf ...
* Applying /etc/sysctl.d/10-console-messages.conf ...
* Applying /etc/sysctl.d/10-ipv6-privacy.conf ...
* Applying /etc/sysctl.d/10-kernel-hardening.conf ...
* Applying /etc/sysctl.d/10-magic-sysrq.conf ...
* Applying /etc/sysctl.d/10-map-count.conf ...
* Applying /etc/sysctl.d/10-network-security.conf ...
* Applying /etc/sysctl.d/10-ptrace.conf ...
* Applying /etc/sysctl.d/10-zeropage.conf ...
* Applying /usr/lib/sysctl.d/50-pid-max.conf ...
* Applying /usr/lib/sysctl.d/99-protect-links.conf ...
* Applying /etc/sysctl.d/99-sysctl.conf ...
* Applying /etc/sysctl.d/k8s.conf ...
* Applying /etc/sysctl.conf ...
kernel.apparmor_restrict_unprivileged_userns = 1
net.core.default_qdisc = fq_codel
kernel.printk = 4 4 1 7
net.ipv6.conf.all.use_tempaddr = 2
net.ipv6.conf.default.use_tempaddr = 2
kernel.kptr_restrict = 1
kernel.sysrq = 176
vm.max_map_count = 1048576
net.ipv4.conf.default.rp_filter = 2
net.ipv4.conf.all.rp_filter = 2
kernel.yama.ptrace_scope = 1
vm.mmap_min_addr = 65536
kernel.pid_max = 4194304
fs.protected_fifos = 1
fs.protected_hardlinks = 1
fs.protected_regular = 2
fs.protected_symlinks = 1
net.bridge.bridge-nf-call-iptables = 1
net.bridge.bridge-nf-call-ip6tables = 1
net.ipv4.ip_forward = 1
cachiadmin@k8s-worker1:~$ # Install prerequisite packages
sudo apt-get update
sudo apt-get install -y ca-certificates curl gnupg lsb-release

# Add Docker's official GPG key
sudo mkdir -p /etc/apt/keyrings
curl -fsSL https://download.docker.com/linux/ubuntu/gpg | sudo gpg --dearmor -o /etc/apt/keyrings/docker.gpg

# Set up the repository
echo \
  "deb [arch=$(dpkg --print-architecture) signed-by=/etc/apt/keyrings/docker.gpg] https://download.docker.com/linux/ubuntu \
  $(lsb_release -cs) stable" | sudo tee /etc/apt/sources.list.d/docker.list > /dev/null

# Install containerd
sudo apt-get update
sudo apt-get install -y containerd.io

# Generate default containerd configuration and save it
sudo mkdir -p /etc/containerd
containerd config default | sudo tee /etc/containerd/config.toml

# Set SystemdCgroup to true in the config file
sudo sed -i 's/SystemdCgroup = false/SystemdCgroup = true/g' /etc/containerd/config.toml

# Restart and enable containerd to apply changes
sudo systemctl restart containerd
sudo systemctl enable containerd
Get:1 http://security.ubuntu.com/ubuntu noble-security InRelease [126 kB]
Hit:2 http://archive.ubuntu.com/ubuntu noble InRelease   
Get:3 http://archive.ubuntu.com/ubuntu noble-updates InRelease [126 kB]
Hit:4 http://archive.ubuntu.com/ubuntu noble-backports InRelease
Get:5 http://security.ubuntu.com/ubuntu noble-security/main amd64 c-n-f Metadata [11.8 kB]
Get:6 http://security.ubuntu.com/ubuntu noble-security/universe amd64 c-n-f Metadata [24.2 kB]
Get:7 http://archive.ubuntu.com/ubuntu noble-updates/main amd64 Packages [1074 kB]
Get:8 http://archive.ubuntu.com/ubuntu noble-updates/restricted amd64 Packages [1196 kB]
Get:9 http://archive.ubuntu.com/ubuntu noble-updates/universe amd64 Packages [1659 kB]
Fetched 4217 kB in 1s (2990 kB/s)                         
Reading package lists... Done
Reading package lists... Done
Building dependency tree... Done
Reading state information... Done
ca-certificates is already the newest version (20260601~24.04.1).
ca-certificates set to manually installed.
curl is already the newest version (8.5.0-2ubuntu10.10).
curl set to manually installed.
gnupg is already the newest version (2.4.4-2ubuntu17.4).
gnupg set to manually installed.
lsb-release is already the newest version (12.0-2).
lsb-release set to manually installed.
0 upgraded, 0 newly installed, 0 to remove and 29 not upgraded.
Get:1 https://download.docker.com/linux/ubuntu noble InRelease [48.5 kB]
Hit:2 http://archive.ubuntu.com/ubuntu noble InRelease                     
Hit:3 http://security.ubuntu.com/ubuntu noble-security InRelease
Get:4 https://download.docker.com/linux/ubuntu noble/stable amd64 Packages [59.3 kB]
Hit:5 http://archive.ubuntu.com/ubuntu noble-updates InRelease
Hit:6 http://archive.ubuntu.com/ubuntu noble-backports InRelease
Fetched 108 kB in 1s (163 kB/s)
Reading package lists... Done
Reading package lists... Done
Building dependency tree... Done
Reading state information... Done
The following NEW packages will be installed:
  containerd.io
0 upgraded, 1 newly installed, 0 to remove and 29 not upgraded.
Need to get 23.6 MB of archives.
After this operation, 93.5 MB of additional disk space will be used.
Get:1 https://download.docker.com/linux/ubuntu noble/stable amd64 containerd.io amd64 2.2.5-1~ubuntu.24.04~noble [23.6 MB]
Fetched 23.6 MB in 1s (30.0 MB/s)        
Selecting previously unselected package containerd.io.
(Reading database ... 88257 files and directories currently installed.)
Preparing to unpack .../containerd.io_2.2.5-1~ubuntu.24.04~noble_amd64.deb ...
Unpacking containerd.io (2.2.5-1~ubuntu.24.04~noble) ...
Setting up containerd.io (2.2.5-1~ubuntu.24.04~noble) ...
Created symlink /etc/systemd/system/multi-user.target.wants/containerd.service → /usr/lib/systemd/system/containerd.service.
Processing triggers for man-db (2.12.0-4build2) ...
Scanning processes...                                                                                                                                                                                                                                                                      
Scanning linux images...                                                                                                                                                                                                                                                                   

Running kernel seems to be up-to-date.

No services need to be restarted.

No containers need to be restarted.

No user sessions are running outdated binaries.

No VM guests are running outdated hypervisor (qemu) binaries on this host.
version = 3
root = '/var/lib/containerd'
state = '/run/containerd'
temp = ''
disabled_plugins = []
required_plugins = []
oom_score = 0
imports = ['/etc/containerd/conf.d/*.toml']

[grpc]
  address = '/run/containerd/containerd.sock'
  tcp_address = ''
  tcp_tls_ca = ''
  tcp_tls_cert = ''
  tcp_tls_key = ''
  uid = 0
  gid = 0
  max_recv_message_size = 16777216
  max_send_message_size = 16777216
  tcp_tls_common_name = ''

[ttrpc]
  address = ''
  uid = 0
  gid = 0

[debug]
  address = ''
  uid = 0
  gid = 0
  level = ''
  format = ''

[metrics]
  address = ''
  grpc_histogram = false

[plugins]
  [plugins.'io.containerd.cri.v1.images']
    snapshotter = 'overlayfs'
    disable_snapshot_annotations = true
    discard_unpacked_layers = false
    max_concurrent_downloads = 3
    concurrent_layer_fetch_buffer = 0
    image_pull_progress_timeout = '5m0s'
    image_pull_with_sync_fs = false
    stats_collect_period = 10
    use_local_image_pull = false

    [plugins.'io.containerd.cri.v1.images'.pinned_images]
      sandbox = 'registry.k8s.io/pause:3.10.1'

    [plugins.'io.containerd.cri.v1.images'.registry]
      config_path = ''

    [plugins.'io.containerd.cri.v1.images'.image_decryption]
      key_model = 'node'

  [plugins.'io.containerd.cri.v1.runtime']
    enable_selinux = false
    selinux_category_range = 1024
    max_container_log_line_size = 16384
    disable_apparmor = false
    restrict_oom_score_adj = false
    disable_proc_mount = false
    unset_seccomp_profile = ''
    tolerate_missing_hugetlb_controller = true
    disable_hugetlb_controller = true
    device_ownership_from_security_context = false
    ignore_image_defined_volumes = false
    netns_mounts_under_state_dir = false
    enable_unprivileged_ports = true
    enable_unprivileged_icmp = true
    enable_cdi = true
    cdi_spec_dirs = ['/etc/cdi', '/var/run/cdi']
    drain_exec_sync_io_timeout = '0s'
    ignore_deprecation_warnings = []

    [plugins.'io.containerd.cri.v1.runtime'.containerd]
      default_runtime_name = 'runc'
      ignore_blockio_not_enabled_errors = false
      ignore_rdt_not_enabled_errors = false

      [plugins.'io.containerd.cri.v1.runtime'.containerd.runtimes]
        [plugins.'io.containerd.cri.v1.runtime'.containerd.runtimes.runc]
          runtime_type = 'io.containerd.runc.v2'
          runtime_path = ''
          pod_annotations = []
          container_annotations = []
          privileged_without_host_devices = false
          privileged_without_host_devices_all_devices_allowed = false
          cgroup_writable = false
          base_runtime_spec = ''
          cni_conf_dir = ''
          cni_max_conf_num = 0
          snapshotter = ''
          sandboxer = 'podsandbox'
          io_type = ''

          [plugins.'io.containerd.cri.v1.runtime'.containerd.runtimes.runc.options]
            BinaryName = ''
            CriuImagePath = ''
            CriuWorkPath = ''
            IoGid = 0
            IoUid = 0
            NoNewKeyring = false
            Root = ''
            ShimCgroup = ''
            SystemdCgroup = false

    [plugins.'io.containerd.cri.v1.runtime'.cni]
      bin_dir = ''
      bin_dirs = ['/opt/cni/bin']
      conf_dir = '/etc/cni/net.d'
      max_conf_num = 1
      setup_serially = false
      conf_template = ''
      ip_pref = ''
      use_internal_loopback = false

  [plugins.'io.containerd.differ.v1.erofs']
    mkfs_options = []
    enable_tar_index = false

  [plugins.'io.containerd.gc.v1.scheduler']
    pause_threshold = 0.02
    deletion_threshold = 0
    mutation_threshold = 100
    schedule_delay = '0s'
    startup_delay = '100ms'

  [plugins.'io.containerd.grpc.v1.cri']
    disable_tcp_service = true
    stream_server_address = '127.0.0.1'
    stream_server_port = '0'
    stream_idle_timeout = '4h0m0s'
    enable_tls_streaming = false

    [plugins.'io.containerd.grpc.v1.cri'.x509_key_pair_streaming]
      tls_cert_file = ''
      tls_key_file = ''

  [plugins.'io.containerd.image-verifier.v1.bindir']
    bin_dir = '/opt/containerd/image-verifier/bin'
    max_verifiers = 10
    per_verifier_timeout = '10s'

  [plugins.'io.containerd.internal.v1.opt']
    path = '/opt/containerd'

  [plugins.'io.containerd.internal.v1.tracing']

  [plugins.'io.containerd.metadata.v1.bolt']
    content_sharing_policy = 'shared'
    no_sync = false

  [plugins.'io.containerd.monitor.container.v1.restart']
    interval = '10s'

  [plugins.'io.containerd.monitor.task.v1.cgroups']
    no_prometheus = false

  [plugins.'io.containerd.mount-handler.v1.erofs']

  [plugins.'io.containerd.nri.v1.nri']
    disable = false
    socket_path = '/var/run/nri/nri.sock'
    plugin_path = '/opt/nri/plugins'
    plugin_config_path = '/etc/nri/conf.d'
    plugin_registration_timeout = '5s'
    plugin_request_timeout = '2s'
    disable_connections = false

    [plugins.'io.containerd.nri.v1.nri'.default_validator]
      enable = false
      reject_oci_hook_adjustment = false
      reject_runtime_default_seccomp_adjustment = false
      reject_unconfined_seccomp_adjustment = false
      reject_custom_seccomp_adjustment = false
      reject_namespace_adjustment = false
      reject_sysctl_adjustment = false
      required_plugins = []
      tolerate_missing_plugins_annotation = ''

  [plugins.'io.containerd.runtime.v2.task']
    platforms = ['linux/amd64']

  [plugins.'io.containerd.service.v1.diff-service']
    default = ['walking']
    sync_fs = false

  [plugins.'io.containerd.service.v1.tasks-service']
    blockio_config_file = ''
    rdt_config_file = ''

  [plugins.'io.containerd.shim.v1.manager']
    env = []

  [plugins.'io.containerd.snapshotter.v1.blockfile']
    root_path = ''
    scratch_file = ''
    fs_type = ''
    mount_options = []
    recreate_scratch = false

  [plugins.'io.containerd.snapshotter.v1.btrfs']
    root_path = ''

  [plugins.'io.containerd.snapshotter.v1.devmapper']
    root_path = ''
    pool_name = ''
    base_image_size = ''
    async_remove = false
    discard_blocks = false
    fs_type = ''
    fs_options = ''

  [plugins.'io.containerd.snapshotter.v1.erofs']
    root_path = ''
    ovl_mount_options = []
    enable_fsverity = false
    set_immutable = false
    default_size = ''

  [plugins.'io.containerd.snapshotter.v1.native']
    root_path = ''

  [plugins.'io.containerd.snapshotter.v1.overlayfs']
    root_path = ''
    upperdir_label = false
    sync_remove = false
    slow_chown = false
    mount_options = []

  [plugins.'io.containerd.snapshotter.v1.zfs']
    root_path = ''

  [plugins.'io.containerd.tracing.processor.v1.otlp']

  [plugins.'io.containerd.transfer.v1.local']
    max_concurrent_downloads = 3
    concurrent_layer_fetch_buffer = 0
    max_concurrent_uploaded_layers = 3
    check_platform_supported = false
    config_path = ''
    max_concurrent_unpacks = 1

[cgroup]
  path = ''

[timeouts]
  'io.containerd.timeout.bolt.open' = '0s'
  'io.containerd.timeout.cri.defercleanup' = '1m0s'
  'io.containerd.timeout.metrics.shimstats' = '2s'
  'io.containerd.timeout.shim.cleanup' = '5s'
  'io.containerd.timeout.shim.load' = '5s'
  'io.containerd.timeout.shim.shutdown' = '3s'
  'io.containerd.timeout.task.state' = '2s'

[stream_processors]
  [stream_processors.'io.containerd.ocicrypt.decoder.v1.tar']
    accepts = ['application/vnd.oci.image.layer.v1.tar+encrypted']
    returns = 'application/vnd.oci.image.layer.v1.tar'
    path = 'ctd-decoder'
    args = ['--decryption-keys-path', '/etc/containerd/ocicrypt/keys']
    env = ['OCICRYPT_KEYPROVIDER_CONFIG=/etc/containerd/ocicrypt/ocicrypt_keyprovider.conf']

  [stream_processors.'io.containerd.ocicrypt.decoder.v1.tar.gzip']
    accepts = ['application/vnd.oci.image.layer.v1.tar+gzip+encrypted']
    returns = 'application/vnd.oci.image.layer.v1.tar+gzip'
    path = 'ctd-decoder'
    args = ['--decryption-keys-path', '/etc/containerd/ocicrypt/keys']
    env = ['OCICRYPT_KEYPROVIDER_CONFIG=/etc/containerd/ocicrypt/ocicrypt_keyprovider.conf']
cachiadmin@k8s-worker1:~$ # Install packages needed to use the Kubernetes apt repository
sudo apt-get update
sudo apt-get install -y apt-transport-https ca-certificates curl gpg

# Download the public signing key for the Kubernetes package repositories
curl -fsSL https://pkgs.k8s.io/core:/stable:/v1.30/deb/Release.key | sudo gpg --dearmor -o /etc/apt/keyrings/kubernetes-apt-keyring.gpg

# Add the appropriate Kubernetes apt repository
echo 'deb [signed-by=/etc/apt/keyrings/kubernetes-apt-keyring.gpg] https://pkgs.k8s.io/core:/stable:/v1.30/deb/ /' | sudo tee /etc/apt/sources.list.d/kubernetes.list

# Update the apt package index and install the components
sudo apt-get update
sudo apt-get install -y kubelet kubeadm kubectl

# Pin the versions to prevent accidental upgrades
sudo apt-mark hold kubelet kubeadm kubectl

# Enable the kubelet service
sudo systemctl enable kubelet
Hit:1 http://archive.ubuntu.com/ubuntu noble InRelease
Hit:2 http://security.ubuntu.com/ubuntu noble-security InRelease
Hit:3 https://download.docker.com/linux/ubuntu noble InRelease
Hit:4 http://archive.ubuntu.com/ubuntu noble-updates InRelease
Hit:5 http://archive.ubuntu.com/ubuntu noble-backports InRelease
Reading package lists... Done
Reading package lists... Done
Building dependency tree... Done
Reading state information... Done
ca-certificates is already the newest version (20260601~24.04.1).
curl is already the newest version (8.5.0-2ubuntu10.10).
gpg is already the newest version (2.4.4-2ubuntu17.4).
gpg set to manually installed.
The following NEW packages will be installed:
  apt-transport-https
0 upgraded, 1 newly installed, 0 to remove and 29 not upgraded.
Need to get 3970 B of archives.
After this operation, 36.9 kB of additional disk space will be used.
Get:1 http://archive.ubuntu.com/ubuntu noble-updates/universe amd64 apt-transport-https all 2.8.3 [3970 B]
Fetched 3970 B in 0s (41.3 kB/s)              
Selecting previously unselected package apt-transport-https.
(Reading database ... 88271 files and directories currently installed.)
Preparing to unpack .../apt-transport-https_2.8.3_all.deb ...
Unpacking apt-transport-https (2.8.3) ...
Setting up apt-transport-https (2.8.3) ...
Scanning processes...                                                                                                                                                                                                                                                                      
Scanning linux images...                                                                                                                                                                                                                                                                   

Running kernel seems to be up-to-date.

No services need to be restarted.

No containers need to be restarted.

No user sessions are running outdated binaries.

No VM guests are running outdated hypervisor (qemu) binaries on this host.
deb [signed-by=/etc/apt/keyrings/kubernetes-apt-keyring.gpg] https://pkgs.k8s.io/core:/stable:/v1.30/deb/ /
Hit:1 http://security.ubuntu.com/ubuntu noble-security InRelease
Hit:3 https://download.docker.com/linux/ubuntu noble InRelease      
Hit:4 http://archive.ubuntu.com/ubuntu noble InRelease
Hit:5 http://archive.ubuntu.com/ubuntu noble-updates InRelease
Get:2 https://prod-cdn.packages.k8s.io/repositories/isv:/kubernetes:/core:/stable:/v1.30/deb  InRelease [1192 B]
Hit:6 http://archive.ubuntu.com/ubuntu noble-backports InRelease              
Get:7 https://prod-cdn.packages.k8s.io/repositories/isv:/kubernetes:/core:/stable:/v1.30/deb  Packages [20.3 kB]
Fetched 21.5 kB in 1s (24.8 kB/s)
Reading package lists... Done
Reading package lists... Done
Building dependency tree... Done
Reading state information... Done
The following additional packages will be installed:
  conntrack cri-tools kubernetes-cni
The following NEW packages will be installed:
  conntrack cri-tools kubeadm kubectl kubelet kubernetes-cni
0 upgraded, 6 newly installed, 0 to remove and 29 not upgraded.
Need to get 93.8 MB of archives.
After this operation, 343 MB of additional disk space will be used.
Get:1 http://archive.ubuntu.com/ubuntu noble/main amd64 conntrack amd64 1:1.4.8-1ubuntu1 [37.9 kB]
Get:2 https://prod-cdn.packages.k8s.io/repositories/isv:/kubernetes:/core:/stable:/v1.30/deb  cri-tools 1.30.1-1.1 [21.3 MB]
Get:3 https://prod-cdn.packages.k8s.io/repositories/isv:/kubernetes:/core:/stable:/v1.30/deb  kubeadm 1.30.14-1.1 [10.5 MB]
Get:4 https://prod-cdn.packages.k8s.io/repositories/isv:/kubernetes:/core:/stable:/v1.30/deb  kubectl 1.30.14-1.1 [10.9 MB]
Get:5 https://prod-cdn.packages.k8s.io/repositories/isv:/kubernetes:/core:/stable:/v1.30/deb  kubernetes-cni 1.4.0-1.1 [32.9 MB]
Get:6 https://prod-cdn.packages.k8s.io/repositories/isv:/kubernetes:/core:/stable:/v1.30/deb  kubelet 1.30.14-1.1 [18.2 MB]
Fetched 93.8 MB in 2s (40.4 MB/s) 
Selecting previously unselected package conntrack.
(Reading database ... 88275 files and directories currently installed.)
Preparing to unpack .../0-conntrack_1%3a1.4.8-1ubuntu1_amd64.deb ...
Unpacking conntrack (1:1.4.8-1ubuntu1) ...
Selecting previously unselected package cri-tools.
Preparing to unpack .../1-cri-tools_1.30.1-1.1_amd64.deb ...
Unpacking cri-tools (1.30.1-1.1) ...
Selecting previously unselected package kubeadm.
Preparing to unpack .../2-kubeadm_1.30.14-1.1_amd64.deb ...
Unpacking kubeadm (1.30.14-1.1) ...
Selecting previously unselected package kubectl.
Preparing to unpack .../3-kubectl_1.30.14-1.1_amd64.deb ...
Unpacking kubectl (1.30.14-1.1) ...
Selecting previously unselected package kubernetes-cni.
Preparing to unpack .../4-kubernetes-cni_1.4.0-1.1_amd64.deb ...
Unpacking kubernetes-cni (1.4.0-1.1) ...
Selecting previously unselected package kubelet.
Preparing to unpack .../5-kubelet_1.30.14-1.1_amd64.deb ...
Unpacking kubelet (1.30.14-1.1) ...
Setting up conntrack (1:1.4.8-1ubuntu1) ...
Setting up kubectl (1.30.14-1.1) ...
Setting up cri-tools (1.30.1-1.1) ...
Setting up kubernetes-cni (1.4.0-1.1) ...
Setting up kubeadm (1.30.14-1.1) ...
Setting up kubelet (1.30.14-1.1) ...
Processing triggers for man-db (2.12.0-4build2) ...
Scanning processes...                                                                                                                                                                                                                                                                      
Scanning linux images...                                                                                                                                                                                                                                                                   

Running kernel seems to be up-to-date.

No services need to be restarted.

No containers need to be restarted.

No user sessions are running outdated binaries.

No VM guests are running outdated hypervisor (qemu) binaries on this host.
kubelet set on hold.
kubeadm set on hold.
kubectl set on hold.
cachiadmin@k8s-worker1:~$ Read from remote host 192.168.68.113: Can't assign requested address
Connection to 192.168.68.113 closed.
client_loop: send disconnect: Broken pipe
rovelazq@ROVELAZQ-M-PPV9 ~ % 
